<?xml version="1.0" encoding="UTF-8"?>
<robot generator="Robot 6.1.1 (Python 3.8.0 on win32)" generated="20240302 13:27:46.997" rpa="false" schemaversion="4">
<suite id="s1" name="Hrm" source="C:\Users\SyedIbadUrRehman\Desktop\hrm">
<suite id="s1-s1" name="Tests" source="C:\Users\SyedIbadUrRehman\Desktop\hrm\tests">
<suite id="s1-s1-s1" name="Admin" source="C:\Users\SyedIbadUrRehman\Desktop\hrm\tests\admin.robot">
<test id="s1-s1-s1-t1" name="Add an admin into web" line="10">
<kw name="testsetup" type="SETUP">
<kw name="open default browser" library="globalkeyword">
<kw name="Open Browser" library="SeleniumLibrary">
<arg>${url}</arg>
<arg>${browser}</arg>
<doc>Opens a new browser instance to the optional ``url``.</doc>
<msg timestamp="20240302 13:27:47.423" level="INFO">Opening browser 'Chrome' to base url 'https://opensource-demo.orangehrmlive.com'.</msg>
<status status="PASS" starttime="20240302 13:27:47.422" endtime="20240302 13:27:53.057"/>
</kw>
<kw name="Set Window Size" library="SeleniumLibrary">
<arg>${width}</arg>
<arg>${height}</arg>
<doc>Sets current windows size to given ``width`` and ``height``.</doc>
<status status="PASS" starttime="20240302 13:27:53.057" endtime="20240302 13:27:53.186"/>
</kw>
<status status="PASS" starttime="20240302 13:27:47.421" endtime="20240302 13:27:53.186"/>
</kw>
<kw name="Generate Random String" library="String">
<var>${value}</var>
<arg>5</arg>
<arg>[LETTERS]</arg>
<doc>Generates a string with a desired ``length`` from the given ``chars``.</doc>
<msg timestamp="20240302 13:27:53.187" level="INFO">${value} = Yjukh</msg>
<status status="PASS" starttime="20240302 13:27:53.187" endtime="20240302 13:27:53.188"/>
</kw>
<kw name="Set Test Variable" library="BuiltIn">
<arg>${random}</arg>
<arg>${value}</arg>
<doc>Makes a variable available everywhere within the scope of the current test.</doc>
<msg timestamp="20240302 13:27:53.191" level="INFO">${random} = Yjukh</msg>
<status status="PASS" starttime="20240302 13:27:53.189" endtime="20240302 13:27:53.191"/>
</kw>
<status status="PASS" starttime="20240302 13:27:47.421" endtime="20240302 13:27:53.191"/>
</kw>
<kw name="Login with user" library="admin_keyword">
<kw name="wait and click fro element" library="globalkeyword">
<arg>//input[@placeholder='Username']</arg>
<kw name="Wait Until Element Is Visible" library="SeleniumLibrary">
<arg>${xpath}</arg>
<doc>Waits until the element ``locator`` is visible.</doc>
<status status="PASS" starttime="20240302 13:27:53.195" endtime="20240302 13:27:53.633"/>
</kw>
<kw name="Click Element" library="SeleniumLibrary">
<arg>${xpath}</arg>
<doc>Click the element identified by ``locator``.</doc>
<msg timestamp="20240302 13:27:53.635" level="INFO">Clicking element '//input[@placeholder='Username']'.</msg>
<status status="PASS" starttime="20240302 13:27:53.634" endtime="20240302 13:27:53.763"/>
</kw>
<status status="PASS" starttime="20240302 13:27:53.194" endtime="20240302 13:27:53.764"/>
</kw>
<kw name="Input Text" library="SeleniumLibrary">
<arg>//input[@placeholder='Username']</arg>
<arg>${username}</arg>
<doc>Types the given ``text`` into the text field identified by ``locator``.</doc>
<msg timestamp="20240302 13:27:53.766" level="INFO">Typing text 'Admin' into text field '//input[@placeholder='Username']'.</msg>
<status status="PASS" starttime="20240302 13:27:53.764" endtime="20240302 13:27:53.952"/>
</kw>
<kw name="wait and click fro element" library="globalkeyword">
<arg>//input[@placeholder='Password']</arg>
<kw name="Wait Until Element Is Visible" library="SeleniumLibrary">
<arg>${xpath}</arg>
<doc>Waits until the element ``locator`` is visible.</doc>
<status status="PASS" starttime="20240302 13:27:53.954" endtime="20240302 13:27:54.011"/>
</kw>
<kw name="Click Element" library="SeleniumLibrary">
<arg>${xpath}</arg>
<doc>Click the element identified by ``locator``.</doc>
<msg timestamp="20240302 13:27:54.012" level="INFO">Clicking element '//input[@placeholder='Password']'.</msg>
<status status="PASS" starttime="20240302 13:27:54.011" endtime="20240302 13:27:54.117"/>
</kw>
<status status="PASS" starttime="20240302 13:27:53.952" endtime="20240302 13:27:54.117"/>
</kw>
<kw name="Input Text" library="SeleniumLibrary">
<arg>//input[@placeholder='Password']</arg>
<arg>${password}</arg>
<doc>Types the given ``text`` into the text field identified by ``locator``.</doc>
<msg timestamp="20240302 13:27:54.119" level="INFO">Typing text 'admin123' into text field '//input[@placeholder='Password']'.</msg>
<status status="PASS" starttime="20240302 13:27:54.118" endtime="20240302 13:27:54.323"/>
</kw>
<kw name="wait and click fro element" library="globalkeyword">
<arg>//button[normalize-space()='Login']</arg>
<kw name="Wait Until Element Is Visible" library="SeleniumLibrary">
<arg>${xpath}</arg>
<doc>Waits until the element ``locator`` is visible.</doc>
<status status="PASS" starttime="20240302 13:27:54.325" endtime="20240302 13:27:54.375"/>
</kw>
<kw name="Click Element" library="SeleniumLibrary">
<arg>${xpath}</arg>
<doc>Click the element identified by ``locator``.</doc>
<msg timestamp="20240302 13:27:54.377" level="INFO">Clicking element '//button[normalize-space()='Login']'.</msg>
<status status="PASS" starttime="20240302 13:27:54.376" endtime="20240302 13:27:54.472"/>
</kw>
<status status="PASS" starttime="20240302 13:27:54.323" endtime="20240302 13:27:54.472"/>
</kw>
<status status="PASS" starttime="20240302 13:27:53.193" endtime="20240302 13:27:54.473"/>
</kw>
<kw name="Add an admin" library="admin_keyword">
<kw name="wait and click fro element" library="globalkeyword">
<arg>//span[normalize-space()='Admin']</arg>
<kw name="Wait Until Element Is Visible" library="SeleniumLibrary">
<arg>${xpath}</arg>
<doc>Waits until the element ``locator`` is visible.</doc>
<status status="PASS" starttime="20240302 13:27:54.475" endtime="20240302 13:27:56.061"/>
</kw>
<kw name="Click Element" library="SeleniumLibrary">
<arg>${xpath}</arg>
<doc>Click the element identified by ``locator``.</doc>
<msg timestamp="20240302 13:27:56.062" level="INFO">Clicking element '//span[normalize-space()='Admin']'.</msg>
<status status="PASS" starttime="20240302 13:27:56.061" endtime="20240302 13:27:57.723"/>
</kw>
<status status="PASS" starttime="20240302 13:27:54.474" endtime="20240302 13:27:57.723"/>
</kw>
<kw name="wait and click fro element" library="globalkeyword">
<arg>//button[normalize-space()='Add']</arg>
<kw name="Wait Until Element Is Visible" library="SeleniumLibrary">
<arg>${xpath}</arg>
<doc>Waits until the element ``locator`` is visible.</doc>
<status status="PASS" starttime="20240302 13:27:57.725" endtime="20240302 13:27:58.327"/>
</kw>
<kw name="Click Element" library="SeleniumLibrary">
<arg>${xpath}</arg>
<doc>Click the element identified by ``locator``.</doc>
<msg timestamp="20240302 13:27:58.329" level="INFO">Clicking element '//button[normalize-space()='Add']'.</msg>
<status status="PASS" starttime="20240302 13:27:58.327" endtime="20240302 13:27:58.859"/>
</kw>
<status status="PASS" starttime="20240302 13:27:57.723" endtime="20240302 13:27:58.859"/>
</kw>
<kw name="Sleep" library="BuiltIn">
<arg>2s</arg>
<doc>Pauses the test executed for the given time.</doc>
<msg timestamp="20240302 13:28:00.874" level="INFO">Slept 2 seconds</msg>
<status status="PASS" starttime="20240302 13:27:58.859" endtime="20240302 13:28:00.874"/>
</kw>
<kw name="wait and click fro element" library="globalkeyword">
<arg>//div[@class='oxd-select-text-input']</arg>
<kw name="Wait Until Element Is Visible" library="SeleniumLibrary">
<arg>${xpath}</arg>
<doc>Waits until the element ``locator`` is visible.</doc>
<status status="PASS" starttime="20240302 13:28:00.875" endtime="20240302 13:28:00.926"/>
</kw>
<kw name="Click Element" library="SeleniumLibrary">
<arg>${xpath}</arg>
<doc>Click the element identified by ``locator``.</doc>
<msg timestamp="20240302 13:28:00.928" level="INFO">Clicking element '//div[@class='oxd-select-text-input']'.</msg>
<status status="PASS" starttime="20240302 13:28:00.926" endtime="20240302 13:28:01.021"/>
</kw>
<status status="PASS" starttime="20240302 13:28:00.875" endtime="20240302 13:28:01.021"/>
</kw>
<kw name="Press Keys" library="SeleniumLibrary">
<arg>NONE</arg>
<arg>ARROW_DOWN</arg>
<doc>Simulates the user pressing key(s) to an element or on the active browser.</doc>
<msg timestamp="20240302 13:28:01.023" level="INFO">Sending key(s) ('ARROW_DOWN',) to page.</msg>
<msg timestamp="20240302 13:28:01.024" level="INFO">Pressing special key ARROW_DOWN to browser.</msg>
<msg timestamp="20240302 13:28:01.024" level="INFO">Releasing special key ARROW_DOWN.</msg>
<status status="PASS" starttime="20240302 13:28:01.022" endtime="20240302 13:28:01.041"/>
</kw>
<kw name="Press Keys" library="SeleniumLibrary">
<arg>NONE</arg>
<arg>ENTER</arg>
<doc>Simulates the user pressing key(s) to an element or on the active browser.</doc>
<msg timestamp="20240302 13:28:01.044" level="INFO">Sending key(s) ('ENTER',) to page.</msg>
<msg timestamp="20240302 13:28:01.044" level="INFO">Pressing special key ENTER to browser.</msg>
<msg timestamp="20240302 13:28:01.044" level="INFO">Releasing special key ENTER.</msg>
<status status="PASS" starttime="20240302 13:28:01.042" endtime="20240302 13:28:01.067"/>
</kw>
<kw name="Sleep" library="BuiltIn">
<arg>3s</arg>
<doc>Pauses the test executed for the given time.</doc>
<msg timestamp="20240302 13:28:04.077" level="INFO">Slept 3 seconds</msg>
<status status="PASS" starttime="20240302 13:28:01.067" endtime="20240302 13:28:04.077"/>
</kw>
<kw name="Input Text" library="SeleniumLibrary">
<arg>//input[@placeholder='Type for hints...']</arg>
<arg>A</arg>
<doc>Types the given ``text`` into the text field identified by ``locator``.</doc>
<msg timestamp="20240302 13:28:04.078" level="INFO">Typing text 'A' into text field '//input[@placeholder='Type for hints...']'.</msg>
<status status="PASS" starttime="20240302 13:28:04.077" endtime="20240302 13:28:04.167"/>
</kw>
<kw name="Sleep" library="BuiltIn">
<arg>3s</arg>
<doc>Pauses the test executed for the given time.</doc>
<msg timestamp="20240302 13:28:07.184" level="INFO">Slept 3 seconds</msg>
<status status="PASS" starttime="20240302 13:28:04.167" endtime="20240302 13:28:07.184"/>
</kw>
<kw name="Press Keys" library="SeleniumLibrary">
<arg>NONE</arg>
<arg>ARROW_DOWN</arg>
<doc>Simulates the user pressing key(s) to an element or on the active browser.</doc>
<msg timestamp="20240302 13:28:07.185" level="INFO">Sending key(s) ('ARROW_DOWN',) to page.</msg>
<msg timestamp="20240302 13:28:07.185" level="INFO">Pressing special key ARROW_DOWN to browser.</msg>
<msg timestamp="20240302 13:28:07.185" level="INFO">Releasing special key ARROW_DOWN.</msg>
<status status="PASS" starttime="20240302 13:28:07.184" endtime="20240302 13:28:07.192"/>
</kw>
<kw name="Press Keys" library="SeleniumLibrary">
<arg>NONE</arg>
<arg>ENTER</arg>
<doc>Simulates the user pressing key(s) to an element or on the active browser.</doc>
<msg timestamp="20240302 13:28:07.194" level="INFO">Sending key(s) ('ENTER',) to page.</msg>
<msg timestamp="20240302 13:28:07.194" level="INFO">Pressing special key ENTER to browser.</msg>
<msg timestamp="20240302 13:28:07.194" level="INFO">Releasing special key ENTER.</msg>
<status status="PASS" starttime="20240302 13:28:07.193" endtime="20240302 13:28:07.203"/>
</kw>
<kw name="wait and click fro element" library="globalkeyword">
<arg>//body[1]/div[1]/div[1]/div[2]/div[2]/div[1]/div[1]/form[1]/div[1]/div[1]/div[3]/div[1]/div[2]/div[1]/div[1]/div[2]/i[1]</arg>
<kw name="Wait Until Element Is Visible" library="SeleniumLibrary">
<arg>${xpath}</arg>
<doc>Waits until the element ``locator`` is visible.</doc>
<status status="PASS" starttime="20240302 13:28:07.204" endtime="20240302 13:28:07.232"/>
</kw>
<kw name="Click Element" library="SeleniumLibrary">
<arg>${xpath}</arg>
<doc>Click the element identified by ``locator``.</doc>
<msg timestamp="20240302 13:28:07.232" level="INFO">Clicking element '//body[1]/div[1]/div[1]/div[2]/div[2]/div[1]/div[1]/form[1]/div[1]/div[1]/div[3]/div[1]/div[2]/div[1]/div[1]/div[2]/i[1]'.</msg>
<status status="PASS" starttime="20240302 13:28:07.232" endtime="20240302 13:28:07.284"/>
</kw>
<status status="PASS" starttime="20240302 13:28:07.203" endtime="20240302 13:28:07.284"/>
</kw>
<kw name="Press Keys" library="SeleniumLibrary">
<arg>NONE</arg>
<arg>ARROW_DOWN</arg>
<doc>Simulates the user pressing key(s) to an element or on the active browser.</doc>
<msg timestamp="20240302 13:28:07.286" level="INFO">Sending key(s) ('ARROW_DOWN',) to page.</msg>
<msg timestamp="20240302 13:28:07.286" level="INFO">Pressing special key ARROW_DOWN to browser.</msg>
<msg timestamp="20240302 13:28:07.287" level="INFO">Releasing special key ARROW_DOWN.</msg>
<status status="PASS" starttime="20240302 13:28:07.284" endtime="20240302 13:28:07.294"/>
</kw>
<kw name="Press Keys" library="SeleniumLibrary">
<arg>NONE</arg>
<arg>ENTER</arg>
<doc>Simulates the user pressing key(s) to an element or on the active browser.</doc>
<msg timestamp="20240302 13:28:07.295" level="INFO">Sending key(s) ('ENTER',) to page.</msg>
<msg timestamp="20240302 13:28:07.296" level="INFO">Pressing special key ENTER to browser.</msg>
<msg timestamp="20240302 13:28:07.296" level="INFO">Releasing special key ENTER.</msg>
<status status="PASS" starttime="20240302 13:28:07.295" endtime="20240302 13:28:07.304"/>
</kw>
<kw name="wait and click fro element" library="globalkeyword">
<arg>//body[1]/div[1]/div[1]/div[2]/div[2]/div[1]/div[1]/form[1]/div[1]/div[1]/div[4]/div[1]/div[2]/input[1]</arg>
<kw name="Wait Until Element Is Visible" library="SeleniumLibrary">
<arg>${xpath}</arg>
<doc>Waits until the element ``locator`` is visible.</doc>
<status status="PASS" starttime="20240302 13:28:07.305" endtime="20240302 13:28:07.335"/>
</kw>
<kw name="Click Element" library="SeleniumLibrary">
<arg>${xpath}</arg>
<doc>Click the element identified by ``locator``.</doc>
<msg timestamp="20240302 13:28:07.336" level="INFO">Clicking element '//body[1]/div[1]/div[1]/div[2]/div[2]/div[1]/div[1]/form[1]/div[1]/div[1]/div[4]/div[1]/div[2]/input[1]'.</msg>
<status status="PASS" starttime="20240302 13:28:07.335" endtime="20240302 13:28:07.393"/>
</kw>
<status status="PASS" starttime="20240302 13:28:07.304" endtime="20240302 13:28:07.393"/>
</kw>
<kw name="Input Text" library="SeleniumLibrary">
<arg>//body[1]/div[1]/div[1]/div[2]/div[2]/div[1]/div[1]/form[1]/div[1]/div[1]/div[4]/div[1]/div[2]/input[1]</arg>
<arg>${random}</arg>
<doc>Types the given ``text`` into the text field identified by ``locator``.</doc>
<msg timestamp="20240302 13:28:07.395" level="INFO">Typing text 'Yjukh' into text field '//body[1]/div[1]/div[1]/div[2]/div[2]/div[1]/div[1]/form[1]/div[1]/div[1]/div[4]/div[1]/div[2]/input[1]'.</msg>
<status status="PASS" starttime="20240302 13:28:07.393" endtime="20240302 13:28:07.489"/>
</kw>
<kw name="Input Text" library="SeleniumLibrary">
<arg>//body[1]/div[1]/div[1]/div[2]/div[2]/div[1]/div[1]/form[1]/div[2]/div[1]/div[1]/div[1]/div[2]/input[1]</arg>
<arg>ibad1234</arg>
<doc>Types the given ``text`` into the text field identified by ``locator``.</doc>
<msg timestamp="20240302 13:28:07.491" level="INFO">Typing text 'ibad1234' into text field '//body[1]/div[1]/div[1]/div[2]/div[2]/div[1]/div[1]/form[1]/div[2]/div[1]/div[1]/div[1]/div[2]/input[1]'.</msg>
<status status="PASS" starttime="20240302 13:28:07.489" endtime="20240302 13:28:07.630"/>
</kw>
<kw name="Input Text" library="SeleniumLibrary">
<arg>//body[1]/div[1]/div[1]/div[2]/div[2]/div[1]/div[1]/form[1]/div[2]/div[1]/div[2]/div[1]/div[2]/input[1]</arg>
<arg>ibad1234</arg>
<doc>Types the given ``text`` into the text field identified by ``locator``.</doc>
<msg timestamp="20240302 13:28:07.631" level="INFO">Typing text 'ibad1234' into text field '//body[1]/div[1]/div[1]/div[2]/div[2]/div[1]/div[1]/form[1]/div[2]/div[1]/div[2]/div[1]/div[2]/input[1]'.</msg>
<status status="PASS" starttime="20240302 13:28:07.630" endtime="20240302 13:28:07.780"/>
</kw>
<kw name="wait and click fro element" library="globalkeyword">
<arg>//button[normalize-space()='Save']</arg>
<kw name="Wait Until Element Is Visible" library="SeleniumLibrary">
<arg>${xpath}</arg>
<doc>Waits until the element ``locator`` is visible.</doc>
<status status="PASS" starttime="20240302 13:28:07.781" endtime="20240302 13:28:07.809"/>
</kw>
<kw name="Click Element" library="SeleniumLibrary">
<arg>${xpath}</arg>
<doc>Click the element identified by ``locator``.</doc>
<msg timestamp="20240302 13:28:07.810" level="INFO">Clicking element '//button[normalize-space()='Save']'.</msg>
<status status="PASS" starttime="20240302 13:28:07.809" endtime="20240302 13:28:07.872"/>
</kw>
<status status="PASS" starttime="20240302 13:28:07.780" endtime="20240302 13:28:07.872"/>
</kw>
<kw name="Sleep" library="BuiltIn">
<arg>5s</arg>
<doc>Pauses the test executed for the given time.</doc>
<msg timestamp="20240302 13:28:12.875" level="INFO">Slept 5 seconds</msg>
<status status="PASS" starttime="20240302 13:28:07.874" endtime="20240302 13:28:12.875"/>
</kw>
<status status="PASS" starttime="20240302 13:27:54.474" endtime="20240302 13:28:12.875"/>
</kw>
<kw name="Validate user added Sucessfully" library="admin_keyword">
<arg>${random}</arg>
<kw name="Sleep" library="BuiltIn">
<arg>5s</arg>
<doc>Pauses the test executed for the given time.</doc>
<msg timestamp="20240302 13:28:17.885" level="INFO">Slept 5 seconds</msg>
<status status="PASS" starttime="20240302 13:28:12.877" endtime="20240302 13:28:17.885"/>
</kw>
<kw name="wait and click fro element" library="globalkeyword">
<arg>//span[normalize-space()='Admin']</arg>
<kw name="Wait Until Element Is Visible" library="SeleniumLibrary">
<arg>${xpath}</arg>
<doc>Waits until the element ``locator`` is visible.</doc>
<status status="PASS" starttime="20240302 13:28:17.886" endtime="20240302 13:28:17.904"/>
</kw>
<kw name="Click Element" library="SeleniumLibrary">
<arg>${xpath}</arg>
<doc>Click the element identified by ``locator``.</doc>
<msg timestamp="20240302 13:28:17.905" level="INFO">Clicking element '//span[normalize-space()='Admin']'.</msg>
<status status="PASS" starttime="20240302 13:28:17.905" endtime="20240302 13:28:18.701"/>
</kw>
<status status="PASS" starttime="20240302 13:28:17.886" endtime="20240302 13:28:18.701"/>
</kw>
<kw name="wait and click fro element" library="globalkeyword">
<arg>//body[1]/div[1]/div[1]/div[2]/div[2]/div[1]/div[1]/div[2]/form[1]/div[1]/div[1]/div[1]/div[1]/div[2]/input[1]</arg>
<kw name="Wait Until Element Is Visible" library="SeleniumLibrary">
<arg>${xpath}</arg>
<doc>Waits until the element ``locator`` is visible.</doc>
<status status="PASS" starttime="20240302 13:28:18.703" endtime="20240302 13:28:19.182"/>
</kw>
<kw name="Click Element" library="SeleniumLibrary">
<arg>${xpath}</arg>
<doc>Click the element identified by ``locator``.</doc>
<msg timestamp="20240302 13:28:19.184" level="INFO">Clicking element '//body[1]/div[1]/div[1]/div[2]/div[2]/div[1]/div[1]/div[2]/form[1]/div[1]/div[1]/div[1]/div[1]/div[2]/input[1]'.</msg>
<status status="PASS" starttime="20240302 13:28:19.183" endtime="20240302 13:28:19.259"/>
</kw>
<status status="PASS" starttime="20240302 13:28:18.702" endtime="20240302 13:28:19.259"/>
</kw>
<kw name="Input Text" library="SeleniumLibrary">
<arg>//body[1]/div[1]/div[1]/div[2]/div[2]/div[1]/div[1]/div[2]/form[1]/div[1]/div[1]/div[1]/div[1]/div[2]/input[1]</arg>
<arg>${user}</arg>
<doc>Types the given ``text`` into the text field identified by ``locator``.</doc>
<msg timestamp="20240302 13:28:19.259" level="INFO">Typing text 'Yjukh' into text field '//body[1]/div[1]/div[1]/div[2]/div[2]/div[1]/div[1]/div[2]/form[1]/div[1]/div[1]/div[1]/div[1]/div[2]/input[1]'.</msg>
<status status="PASS" starttime="20240302 13:28:19.259" endtime="20240302 13:28:19.371"/>
</kw>
<kw name="wait and click fro element" library="globalkeyword">
<arg>//button[normalize-space()='Search']</arg>
<kw name="Wait Until Element Is Visible" library="SeleniumLibrary">
<arg>${xpath}</arg>
<doc>Waits until the element ``locator`` is visible.</doc>
<status status="PASS" starttime="20240302 13:28:19.371" endtime="20240302 13:28:19.409"/>
</kw>
<kw name="Click Element" library="SeleniumLibrary">
<arg>${xpath}</arg>
<doc>Click the element identified by ``locator``.</doc>
<msg timestamp="20240302 13:28:19.410" level="INFO">Clicking element '//button[normalize-space()='Search']'.</msg>
<status status="PASS" starttime="20240302 13:28:19.409" endtime="20240302 13:28:19.628"/>
</kw>
<status status="PASS" starttime="20240302 13:28:19.371" endtime="20240302 13:28:19.629"/>
</kw>
<kw name="Sleep" library="BuiltIn">
<arg>5s</arg>
<doc>Pauses the test executed for the given time.</doc>
<msg timestamp="20240302 13:28:24.647" level="INFO">Slept 5 seconds</msg>
<status status="PASS" starttime="20240302 13:28:19.629" endtime="20240302 13:28:24.647"/>
</kw>
<kw name="Get Text" library="SeleniumLibrary">
<var>${value}</var>
<arg>//div[contains(text(),'${user}')]</arg>
<doc>Returns the text value of the element identified by ``locator``.</doc>
<msg timestamp="20240302 13:28:24.673" level="INFO">${value} = Yjukh</msg>
<status status="PASS" starttime="20240302 13:28:24.647" endtime="20240302 13:28:24.673"/>
</kw>
<kw name="Should Be Equal" library="BuiltIn">
<arg>${value}</arg>
<arg>${random}</arg>
<doc>Fails if the given objects are unequal.</doc>
<status status="PASS" starttime="20240302 13:28:24.673" endtime="20240302 13:28:24.674"/>
</kw>
<status status="PASS" starttime="20240302 13:28:12.877" endtime="20240302 13:28:24.674"/>
</kw>
<tag>admin</tag>
<status status="PASS" starttime="20240302 13:27:47.419" endtime="20240302 13:28:24.675"/>
</test>
<status status="PASS" starttime="20240302 13:27:47.034" endtime="20240302 13:28:24.676"/>
</suite>
<status status="PASS" starttime="20240302 13:27:47.031" endtime="20240302 13:28:24.679"/>
</suite>
<status status="PASS" starttime="20240302 13:27:46.998" endtime="20240302 13:28:24.681"/>
</suite>
<statistics>
<total>
<stat pass="1" fail="0" skip="0">All Tests</stat>
</total>
<tag>
<stat pass="1" fail="0" skip="0">admin</stat>
</tag>
<suite>
<stat pass="1" fail="0" skip="0" id="s1" name="Hrm">Hrm</stat>
<stat pass="1" fail="0" skip="0" id="s1-s1" name="Tests">Hrm.Tests</stat>
<stat pass="1" fail="0" skip="0" id="s1-s1-s1" name="Admin">Hrm.Tests.Admin</stat>
</suite>
</statistics>
<errors>
<msg timestamp="20240302 13:27:47.044" level="ERROR">Error in file 'C:\Users\SyedIbadUrRehman\Desktop\hrm\tests\admin.robot' on line 5: Setting 'Test Setup' is not allowed in resource file.</msg>
<msg timestamp="20240302 13:27:47.044" level="ERROR">Error in file 'C:\Users\SyedIbadUrRehman\Desktop\hrm\init.robot' on line 4: Error in file 'C:\Users\SyedIbadUrRehman\Desktop\hrm\tests\admin.robot' on line 7: Resource file with 'Test Cases' section is invalid.</msg>
</errors>
</robot>
